<?xml version="1.0" encoding="UTF-8"?>
<testng-results ignored="0" total="1" passed="1" failed="0" skipped="0">
  <reporter-output>
  </reporter-output>
  <suite started-at="2022-12-10T09:58:40Z" name="Default suite" finished-at="2022-12-10T09:58:43Z" duration-ms="2853">
    <groups>
    </groups>
    <test started-at="2022-12-10T09:58:40Z" name="Default test" finished-at="2022-12-10T09:58:43Z" duration-ms="2853">
      <class name="com.RestApiPune.ComplexJson">
        <test-method signature="GetCourse()[pri:0, instance:com.RestApiPune.ComplexJson@4b741d6d]" started-at="2022-12-10T09:58:40Z" name="GetCourse" finished-at="2022-12-10T09:58:43Z" duration-ms="2819" status="PASS">
          <reporter-output>
          </reporter-output>
        </test-method> <!-- GetCourse -->
      </class> <!-- com.RestApiPune.ComplexJson -->
    </test> <!-- Default test -->
  </suite> <!-- Default suite -->
</testng-results>
